{"C:\\Tests\\TP1\\src\\async.js": {"path":"C:\\Tests\\TP1\\src\\async.js","all":false,"statementMap":{"0":{"start":{"line":1,"column":0},"end":{"line":1,"column":41}},"1":{"start":{"line":2,"column":0},"end":{"line":2,"column":61}},"2":{"start":{"line":3,"column":0},"end":{"line":3,"column":21}},"3":{"start":{"line":4,"column":0},"end":{"line":4,"column":51}},"4":{"start":{"line":5,"column":0},"end":{"line":5,"column":3}},"5":{"start":{"line":6,"column":0},"end":{"line":6,"column":37}},"6":{"start":{"line":7,"column":0},"end":{"line":7,"column":94}},"7":{"start":{"line":8,"column":0},"end":{"line":8,"column":1}}},"s":{"0":1,"1":1,"2":1,"3":0,"4":0,"5":1,"6":1,"7":1},"branchMap":{"0":{"type":"branch","line":1,"loc":{"start":{"line":1,"column":7},"end":{"line":8,"column":1}},"locations":[{"start":{"line":1,"column":7},"end":{"line":8,"column":1}}]},"1":{"type":"branch","line":3,"loc":{"start":{"line":3,"column":20},"end":{"line":5,"column":3}},"locations":[{"start":{"line":3,"column":20},"end":{"line":5,"column":3}}]}},"b":{"0":[1],"1":[0]},"fnMap":{"0":{"name":"fetchRandomUser","decl":{"start":{"line":1,"column":7},"end":{"line":8,"column":1}},"loc":{"start":{"line":1,"column":7},"end":{"line":8,"column":1}},"line":1}},"f":{"0":1}}
,"C:\\Tests\\TP1\\src\\chaine.js": {"path":"C:\\Tests\\TP1\\src\\chaine.js","all":false,"statementMap":{"0":{"start":{"line":1,"column":0},"end":{"line":1,"column":33}},"1":{"start":{"line":2,"column":0},"end":{"line":2,"column":29}},"2":{"start":{"line":3,"column":0},"end":{"line":3,"column":3}}},"s":{"0":1,"1":3,"2":3},"branchMap":{"0":{"type":"branch","line":1,"loc":{"start":{"line":1,"column":8},"end":{"line":3,"column":3}},"locations":[{"start":{"line":1,"column":8},"end":{"line":3,"column":3}}]}},"b":{"0":[3]},"fnMap":{"0":{"name":"transform","decl":{"start":{"line":1,"column":8},"end":{"line":3,"column":3}},"loc":{"start":{"line":1,"column":8},"end":{"line":3,"column":3}},"line":1}},"f":{"0":3}}
,"C:\\Tests\\TP1\\src\\math.js": {"path":"C:\\Tests\\TP1\\src\\math.js","all":false,"statementMap":{"0":{"start":{"line":1,"column":0},"end":{"line":1,"column":27}},"1":{"start":{"line":2,"column":0},"end":{"line":2,"column":17}},"2":{"start":{"line":3,"column":0},"end":{"line":3,"column":3}}},"s":{"0":1,"1":1,"2":1},"branchMap":{"0":{"type":"branch","line":1,"loc":{"start":{"line":1,"column":7},"end":{"line":3,"column":3}},"locations":[{"start":{"line":1,"column":7},"end":{"line":3,"column":3}}]}},"b":{"0":[1]},"fnMap":{"0":{"name":"add","decl":{"start":{"line":1,"column":7},"end":{"line":3,"column":3}},"loc":{"start":{"line":1,"column":7},"end":{"line":3,"column":3}},"line":1}},"f":{"0":1}}
,"C:\\Tests\\TP1\\src\\price.js": {"path":"C:\\Tests\\TP1\\src\\price.js","all":false,"statementMap":{"0":{"start":{"line":1,"column":0},"end":{"line":1,"column":49}},"1":{"start":{"line":2,"column":0},"end":{"line":2,"column":40}},"2":{"start":{"line":3,"column":0},"end":{"line":3,"column":3}}},"s":{"0":1,"1":5,"2":5},"branchMap":{"0":{"type":"branch","line":1,"loc":{"start":{"line":1,"column":7},"end":{"line":3,"column":3}},"locations":[{"start":{"line":1,"column":7},"end":{"line":3,"column":3}}]},"1":{"type":"branch","line":2,"loc":{"start":{"line":2,"column":24},"end":{"line":2,"column":39}},"locations":[{"start":{"line":2,"column":24},"end":{"line":2,"column":39}}]}},"b":{"0":[5],"1":[4]},"fnMap":{"0":{"name":"isPriceInRange","decl":{"start":{"line":1,"column":7},"end":{"line":3,"column":3}},"loc":{"start":{"line":1,"column":7},"end":{"line":3,"column":3}},"line":1}},"f":{"0":5}}
,"C:\\Tests\\TP1\\src\\tri.js": {"path":"C:\\Tests\\TP1\\src\\tri.js","all":false,"statementMap":{"0":{"start":{"line":1,"column":0},"end":{"line":1,"column":26}},"1":{"start":{"line":2,"column":0},"end":{"line":2,"column":66}},"2":{"start":{"line":3,"column":0},"end":{"line":3,"column":69}},"3":{"start":{"line":4,"column":0},"end":{"line":4,"column":66}},"4":{"start":{"line":5,"column":0},"end":{"line":5,"column":46}},"5":{"start":{"line":6,"column":0},"end":{"line":6,"column":3}}},"s":{"0":1,"1":5,"2":5,"3":5,"4":5,"5":5},"branchMap":{"0":{"type":"branch","line":1,"loc":{"start":{"line":1,"column":7},"end":{"line":6,"column":3}},"locations":[{"start":{"line":1,"column":7},"end":{"line":6,"column":3}}]},"1":{"type":"branch","line":2,"loc":{"start":{"line":2,"column":32},"end":{"line":2,"column":64}},"locations":[{"start":{"line":2,"column":32},"end":{"line":2,"column":64}}]},"2":{"type":"branch","line":3,"loc":{"start":{"line":3,"column":35},"end":{"line":3,"column":67}},"locations":[{"start":{"line":3,"column":35},"end":{"line":3,"column":67}}]},"3":{"type":"branch","line":4,"loc":{"start":{"line":4,"column":49},"end":{"line":4,"column":64}},"locations":[{"start":{"line":4,"column":49},"end":{"line":4,"column":64}}]}},"b":{"0":[5],"1":[23],"2":[23],"3":[27]},"fnMap":{"0":{"name":"tri","decl":{"start":{"line":1,"column":7},"end":{"line":6,"column":3}},"loc":{"start":{"line":1,"column":7},"end":{"line":6,"column":3}},"line":1}},"f":{"0":5}}
}
